# JRE version: Java(TM) SE Runtime Environment (8.0_60-b27) (build 1.8.0_60-b27)
# Java VM: Java HotSpot(TM) 64-Bit Server VM (25.60-b23 mixed mode windows-amd64 compressed oops)
Heap:
 PSYoungGen      total 364032K, used 276353K [0x00000000d5c00000, 0x00000000f4880000, 0x0000000100000000)
  eden space 347648K, 79% used [0x00000000d5c00000,0x00000000e69e06a0,0x00000000eaf80000)
  from space 16384K, 0% used [0x00000000eaf80000,0x00000000eaf80000,0x00000000ebf80000)
  to   space 16896K, 0% used [0x00000000f3800000,0x00000000f3800000,0x00000000f4880000)
 ParOldGen       total 98304K, used 30613K [0x0000000081400000, 0x0000000087400000, 0x00000000d5c00000)
  object space 98304K, 31% used [0x0000000081400000,0x00000000831e5598,0x0000000087400000)
 Metaspace       used 64786K, capacity 68444K, committed 68736K, reserved 1107968K
  class space    used 8654K, capacity 9258K, committed 9344K, reserved 1048576K
GC Heap History (10 events):
Event: 9.601 GC heap before
{Heap before GC invocations=10 (full 1):
 PSYoungGen      total 250368K, used 39831K [0x00000000d5c00000, 0x00000000e6080000, 0x0000000100000000)
  eden space 239104K, 11% used [0x00000000d5c00000,0x00000000d77e74f8,0x00000000e4580000)
  from space 11264K, 99% used [0x00000000e5580000,0x00000000e607e818,0x00000000e6080000)
  to   space 13312K, 0% used [0x00000000e4680000,0x00000000e4680000,0x00000000e5380000)
 ParOldGen       total 46080K, used 10505K [0x0000000081400000, 0x0000000084100000, 0x00000000d5c00000)
  object space 46080K, 22% used [0x0000000081400000,0x0000000081e42740,0x0000000084100000)
 Metaspace       used 33536K, capacity 35396K, committed 35496K, reserved 1081344K
  class space    used 4212K, capacity 4548K, committed 4608K, reserved 1048576K
Event: 9.626 GC heap after
Heap after GC invocations=10 (full 1):
 PSYoungGen      total 253440K, used 9815K [0x00000000d5c00000, 0x00000000ecf80000, 0x0000000100000000)
  eden space 240128K, 0% used [0x00000000d5c00000,0x00000000d5c00000,0x00000000e4680000)
  from space 13312K, 73% used [0x00000000e4680000,0x00000000e5015c28,0x00000000e5380000)
  to   space 13824K, 0% used [0x00000000ec200000,0x00000000ec200000,0x00000000ecf80000)
 ParOldGen       total 46080K, used 10505K [0x0000000081400000, 0x0000000084100000, 0x00000000d5c00000)
  object space 46080K, 22% used [0x0000000081400000,0x0000000081e42740,0x0000000084100000)
 Metaspace       used 33536K, capacity 35396K, committed 35496K, reserved 1081344K
  class space    used 4212K, capacity 4548K, committed 4608K, reserved 1048576K
}
Event: 9.626 GC heap before
{Heap before GC invocations=11 (full 2):
 PSYoungGen      total 253440K, used 9815K [0x00000000d5c00000, 0x00000000ecf80000, 0x0000000100000000)
  eden space 240128K, 0% used [0x00000000d5c00000,0x00000000d5c00000,0x00000000e4680000)
  from space 13312K, 73% used [0x00000000e4680000,0x00000000e5015c28,0x00000000e5380000)
  to   space 13824K, 0% used [0x00000000ec200000,0x00000000ec200000,0x00000000ecf80000)
 ParOldGen       total 46080K, used 10505K [0x0000000081400000, 0x0000000084100000, 0x00000000d5c00000)
  object space 46080K, 22% used [0x0000000081400000,0x0000000081e42740,0x0000000084100000)
 Metaspace       used 33536K, capacity 35396K, committed 35496K, reserved 1081344K
  class space    used 4212K, capacity 4548K, committed 4608K, reserved 1048576K
Event: 9.751 GC heap after
Heap after GC invocations=11 (full 2):
 PSYoungGen      total 253440K, used 0K [0x00000000d5c00000, 0x00000000ecf80000, 0x0000000100000000)
  eden space 240128K, 0% used [0x00000000d5c00000,0x00000000d5c00000,0x00000000e4680000)
  from space 13312K, 0% used [0x00000000e4680000,0x00000000e4680000,0x00000000e5380000)
  to   space 13824K, 0% used [0x00000000ec200000,0x00000000ec200000,0x00000000ecf80000)
 ParOldGen       total 65024K, used 13478K [0x0000000081400000, 0x0000000085380000, 0x00000000d5c00000)
  object space 65024K, 20% used [0x0000000081400000,0x00000000821298e0,0x0000000085380000)
 Metaspace       used 33536K, capacity 35396K, committed 35496K, reserved 1081344K
  class space    used 4212K, capacity 4548K, committed 4608K, reserved 1048576K
}
Event: 13.867 GC heap before
{Heap before GC invocations=12 (full 2):
 PSYoungGen      total 253440K, used 240128K [0x00000000d5c00000, 0x00000000ecf80000, 0x0000000100000000)
  eden space 240128K, 100% used [0x00000000d5c00000,0x00000000e4680000,0x00000000e4680000)
  from space 13312K, 0% used [0x00000000e4680000,0x00000000e4680000,0x00000000e5380000)
  to   space 13824K, 0% used [0x00000000ec200000,0x00000000ec200000,0x00000000ecf80000)
 ParOldGen       total 65024K, used 13478K [0x0000000081400000, 0x0000000085380000, 0x00000000d5c00000)
  object space 65024K, 20% used [0x0000000081400000,0x00000000821298e0,0x0000000085380000)
 Metaspace       used 46289K, capacity 48542K, committed 48640K, reserved 1091584K
  class space    used 5968K, capacity 6367K, committed 6400K, reserved 1048576K
Event: 13.890 GC heap after
Heap after GC invocations=12 (full 2):
 PSYoungGen      total 352768K, used 13807K [0x00000000d5c00000, 0x00000000ecf80000, 0x0000000100000000)
  eden space 338944K, 0% used [0x00000000d5c00000,0x00000000d5c00000,0x00000000ea700000)
  from space 13824K, 99% used [0x00000000ec200000,0x00000000ecf7bd20,0x00000000ecf80000)
  to   space 16384K, 0% used [0x00000000eaf80000,0x00000000eaf80000,0x00000000ebf80000)
 ParOldGen       total 65024K, used 15603K [0x0000000081400000, 0x0000000085380000, 0x00000000d5c00000)
  object space 65024K, 23% used [0x0000000081400000,0x000000008233cc90,0x0000000085380000)
 Metaspace       used 46289K, capacity 48542K, committed 48640K, reserved 1091584K
  class space    used 5968K, capacity 6367K, committed 6400K, reserved 1048576K
}
Event: 16.513 GC heap before
{Heap before GC invocations=13 (full 2):
 PSYoungGen      total 352768K, used 202714K [0x00000000d5c00000, 0x00000000ecf80000, 0x0000000100000000)
  eden space 338944K, 55% used [0x00000000d5c00000,0x00000000e147ac20,0x00000000ea700000)
  from space 13824K, 99% used [0x00000000ec200000,0x00000000ecf7bd20,0x00000000ecf80000)
  to   space 16384K, 0% used [0x00000000eaf80000,0x00000000eaf80000,0x00000000ebf80000)
 ParOldGen       total 65024K, used 15603K [0x0000000081400000, 0x0000000085380000, 0x00000000d5c00000)
  object space 65024K, 23% used [0x0000000081400000,0x000000008233cc90,0x0000000085380000)
 Metaspace       used 56136K, capacity 58964K, committed 59136K, reserved 1099776K
  class space    used 7473K, capacity 7936K, committed 7936K, reserved 1048576K
Event: 16.550 GC heap after
Heap after GC invocations=13 (full 2):
 PSYoungGen      total 364032K, used 11810K [0x00000000d5c00000, 0x00000000f4880000, 0x0000000100000000)
  eden space 347648K, 0% used [0x00000000d5c00000,0x00000000d5c00000,0x00000000eaf80000)
  from space 16384K, 72% used [0x00000000eaf80000,0x00000000ebb08890,0x00000000ebf80000)
  to   space 16896K, 0% used [0x00000000f3800000,0x00000000f3800000,0x00000000f4880000)
 ParOldGen       total 65024K, used 22612K [0x0000000081400000, 0x0000000085380000, 0x00000000d5c00000)
  object space 65024K, 34% used [0x0000000081400000,0x0000000082a15078,0x0000000085380000)
 Metaspace       used 56136K, capacity 58964K, committed 59136K, reserved 1099776K
  class space    used 7473K, capacity 7936K, committed 7936K, reserved 1048576K
}
Event: 16.550 GC heap before
{Heap before GC invocations=14 (full 3):
 PSYoungGen      total 364032K, used 11810K [0x00000000d5c00000, 0x00000000f4880000, 0x0000000100000000)
  eden space 347648K, 0% used [0x00000000d5c00000,0x00000000d5c00000,0x00000000eaf80000)
  from space 16384K, 72% used [0x00000000eaf80000,0x00000000ebb08890,0x00000000ebf80000)
  to   space 16896K, 0% used [0x00000000f3800000,0x00000000f3800000,0x00000000f4880000)
 ParOldGen       total 65024K, used 22612K [0x0000000081400000, 0x0000000085380000, 0x00000000d5c00000)
  object space 65024K, 34% used [0x0000000081400000,0x0000000082a15078,0x0000000085380000)
 Metaspace       used 56136K, capacity 58964K, committed 59136K, reserved 1099776K
  class space    used 7473K, capacity 7936K, committed 7936K, reserved 1048576K
Event: 16.875 GC heap after
Heap after GC invocations=14 (full 3):
 PSYoungGen      total 364032K, used 0K [0x00000000d5c00000, 0x00000000f4880000, 0x0000000100000000)
  eden space 347648K, 0% used [0x00000000d5c00000,0x00000000d5c00000,0x00000000eaf80000)
  from space 16384K, 0% used [0x00000000eaf80000,0x00000000eaf80000,0x00000000ebf80000)
  to   space 16896K, 0% used [0x00000000f3800000,0x00000000f3800000,0x00000000f4880000)
 ParOldGen       total 98304K, used 30613K [0x0000000081400000, 0x0000000087400000, 0x00000000d5c00000)
  object space 98304K, 31% used [0x0000000081400000,0x00000000831e5598,0x0000000087400000)
 Metaspace       used 56136K, capacity 58964K, committed 59136K, reserved 1099776K
  class space    used 7473K, capacity 7936K, committed 7936K, reserved 1048576K
}

